<?xml version="1.0" encoding="UTF-8"?>
<testng-results ignored="0" total="1" passed="1" failed="0" skipped="0">
  <reporter-output>
  </reporter-output>
  <suite started-at="2021-10-26T16:00:20 IST" name="Default suite" finished-at="2021-10-26T16:00:29 IST" duration-ms="8928">
    <groups>
    </groups>
    <test started-at="2021-10-26T16:00:20 IST" name="Default test" finished-at="2021-10-26T16:00:29 IST" duration-ms="8928">
      <class name="Tests.Scenario_finalized_for_Automation_test.QA_click_jet_tests.NegativeTestBookFlightTest">
        <test-method is-config="true" signature="intializeDriver()[pri:0, instance:Tests.Scenario_finalized_for_Automation_test.QA_click_jet_tests.NegativeTestBookFlightTest@318ba8c8]" started-at="2021-10-26T16:00:20 IST" name="intializeDriver" finished-at="2021-10-26T16:00:21 IST" duration-ms="1237" status="PASS">
          <reporter-output>
          </reporter-output>
        </test-method> <!-- intializeDriver -->
        <test-method is-config="true" signature="openBrowser()[pri:0, instance:Tests.Scenario_finalized_for_Automation_test.QA_click_jet_tests.NegativeTestBookFlightTest@318ba8c8]" started-at="2021-10-26T16:00:21 IST" name="openBrowser" finished-at="2021-10-26T16:00:23 IST" duration-ms="1881" status="PASS">
          <reporter-output>
          </reporter-output>
        </test-method> <!-- openBrowser -->
        <test-method signature="NegativeTestSameDepAndArrivalLoc()[pri:0, instance:Tests.Scenario_finalized_for_Automation_test.QA_click_jet_tests.NegativeTestBookFlightTest@318ba8c8]" started-at="2021-10-26T16:00:23 IST" name="NegativeTestSameDepAndArrivalLoc" finished-at="2021-10-26T16:00:28 IST" duration-ms="5590" status="PASS">
          <reporter-output>
          </reporter-output>
        </test-method> <!-- NegativeTestSameDepAndArrivalLoc -->
        <test-method is-config="true" signature="closeBrowser()[pri:0, instance:Tests.Scenario_finalized_for_Automation_test.QA_click_jet_tests.NegativeTestBookFlightTest@318ba8c8]" started-at="2021-10-26T16:00:28 IST" name="closeBrowser" finished-at="2021-10-26T16:00:29 IST" duration-ms="182" status="PASS">
          <reporter-output>
          </reporter-output>
        </test-method> <!-- closeBrowser -->
      </class> <!-- Tests.Scenario_finalized_for_Automation_test.QA_click_jet_tests.NegativeTestBookFlightTest -->
    </test> <!-- Default test -->
  </suite> <!-- Default suite -->
</testng-results>
